'/home1/himamsu/.cpanel/quickinstall/cache/wordpress.info' is non-existent or empty at /usr/local/lib/perl5/site_perl/5.8.8/x86_64-linux/JSON/Syck.pm line 46.
'/home1/himamsu/.cpanel/quickinstall/cache/wordpress.info' is non-existent or empty at /usr/local/lib/perl5/site_perl/5.8.8/x86_64-linux/JSON/Syck.pm line 46, <$FH> line 1.
'/home1/himamsu/.cpanel/quickinstall/cache/wordpress.info' is non-existent or empty at /usr/local/lib/perl5/site_perl/5.8.8/x86_64-linux/JSON/Syck.pm line 46.
'/home1/himamsu/.cpanel/quickinstall/cache/wordpress.info' is non-existent or empty at /usr/local/lib/perl5/site_perl/5.8.8/x86_64-linux/JSON/Syck.pm line 46, <$FH> line 1.
'/home1/himamsu/.cpanel/quickinstall/cache/wordpress.info' is non-existent or empty at /usr/local/lib/perl5/site_perl/5.8.8/x86_64-linux/JSON/Syck.pm line 46.
'/home1/himamsu/.cpanel/quickinstall/cache/wordpress.info' is non-existent or empty at /usr/local/lib/perl5/site_perl/5.8.8/x86_64-linux/JSON/Syck.pm line 46, <$FH> line 1.
'/home1/himamsu/.cpanel/quickinstall/cache/wordpress.info' is non-existent or empty at /usr/local/lib/perl5/site_perl/5.8.8/x86_64-linux/JSON/Syck.pm line 46.
'/home1/himamsu/.cpanel/quickinstall/cache/wordpress.info' is non-existent or empty at /usr/local/lib/perl5/site_perl/5.8.8/x86_64-linux/JSON/Syck.pm line 46, <$FH> line 1.
'/home1/himamsu/.cpanel/quickinstall/cache/wordpress.info' is non-existent or empty at /usr/local/lib/perl5/site_perl/5.8.8/x86_64-linux/JSON/Syck.pm line 46.
'/home1/himamsu/.cpanel/quickinstall/cache/wordpress.info' is non-existent or empty at /usr/local/lib/perl5/site_perl/5.8.8/x86_64-linux/JSON/Syck.pm line 46, <$FH> line 1.
'/home1/himamsu/.cpanel/quickinstall/cache/wordpress.info' is non-existent or empty at /usr/local/lib/perl5/site_perl/5.8.8/x86_64-linux/JSON/Syck.pm line 46.
'/home1/himamsu/.cpanel/quickinstall/cache/wordpress.info' is non-existent or empty at /usr/local/lib/perl5/site_perl/5.8.8/x86_64-linux/JSON/Syck.pm line 46, <$FH> line 1.
'/home1/himamsu/.cpanel/quickinstall/cache/wordpress.info' is non-existent or empty at /usr/local/lib/perl5/site_perl/5.8.8/x86_64-linux/JSON/Syck.pm line 46.
'/home1/himamsu/.cpanel/quickinstall/cache/wordpress.info' is non-existent or empty at /usr/local/lib/perl5/site_perl/5.8.8/x86_64-linux/JSON/Syck.pm line 46, <$FH> line 1.
'/home1/himamsu/.cpanel/quickinstall/cache/wordpress.info' is non-existent or empty at /usr/local/lib/perl5/site_perl/5.8.8/x86_64-linux/JSON/Syck.pm line 46.
'/home1/himamsu/.cpanel/quickinstall/cache/wordpress.info' is non-existent or empty at /usr/local/lib/perl5/site_perl/5.8.8/x86_64-linux/JSON/Syck.pm line 46, <$FH> line 1.
'/home1/himamsu/.cpanel/quickinstall/cache/wordpress.info' is non-existent or empty at /usr/local/lib/perl5/site_perl/5.8.8/x86_64-linux/JSON/Syck.pm line 46.
'/home1/himamsu/.cpanel/quickinstall/cache/wordpress.info' is non-existent or empty at /usr/local/lib/perl5/site_perl/5.8.8/x86_64-linux/JSON/Syck.pm line 46, <$FH> line 1.
'/home1/himamsu/.cpanel/quickinstall/cache/wordpress.info' is non-existent or empty at /usr/local/lib/perl5/site_perl/5.8.8/x86_64-linux/JSON/Syck.pm line 46.
'/home1/himamsu/.cpanel/quickinstall/cache/wordpress.info' is non-existent or empty at /usr/local/lib/perl5/site_perl/5.8.8/x86_64-linux/JSON/Syck.pm line 46, <$FH> line 1.
'/home1/himamsu/.cpanel/quickinstall/cache/wordpress.info' is non-existent or empty at /usr/local/lib/perl5/site_perl/5.8.8/x86_64-linux/JSON/Syck.pm line 46.
'/home1/himamsu/.cpanel/quickinstall/cache/wordpress.info' is non-existent or empty at /usr/local/lib/perl5/site_perl/5.8.8/x86_64-linux/JSON/Syck.pm line 46, <$FH> line 1.
'/home1/himamsu/.cpanel/quickinstall/cache/wordpress.info' is non-existent or empty at /usr/local/lib/perl5/site_perl/5.8.8/x86_64-linux/JSON/Syck.pm line 46.
'/home1/himamsu/.cpanel/quickinstall/cache/wordpress.info' is non-existent or empty at /usr/local/lib/perl5/site_perl/5.8.8/x86_64-linux/JSON/Syck.pm line 46, <$FH> line 1.
'/home1/himamsu/.cpanel/quickinstall/cache/wordpress.info' is non-existent or empty at /usr/local/lib/perl5/site_perl/5.8.8/x86_64-linux/JSON/Syck.pm line 46.
'/home1/himamsu/.cpanel/quickinstall/cache/wordpress.info' is non-existent or empty at /usr/local/lib/perl5/site_perl/5.8.8/x86_64-linux/JSON/Syck.pm line 46, <$FH> line 1.
'/home1/himamsu/.cpanel/quickinstall/cache/wordpress.info' is non-existent or empty at /usr/local/lib/perl5/site_perl/5.8.8/x86_64-linux/JSON/Syck.pm line 46.
'/home1/himamsu/.cpanel/quickinstall/cache/wordpress.info' is non-existent or empty at /usr/local/lib/perl5/site_perl/5.8.8/x86_64-linux/JSON/Syck.pm line 46, <$FH> line 1.
'/home1/himamsu/.cpanel/quickinstall/cache/wordpress.info' is non-existent or empty at /usr/local/lib/perl5/site_perl/5.8.8/x86_64-linux/JSON/Syck.pm line 46.
'/home1/himamsu/.cpanel/quickinstall/cache/wordpress.info' is non-existent or empty at /usr/local/lib/perl5/site_perl/5.8.8/x86_64-linux/JSON/Syck.pm line 46, <$FH> line 1.
'/home1/himamsu/.cpanel/quickinstall/cache/wordpress.info' is non-existent or empty at /usr/local/lib/perl5/site_perl/5.8.8/x86_64-linux/JSON/Syck.pm line 46.
'/home1/himamsu/.cpanel/quickinstall/cache/wordpress.info' is non-existent or empty at /usr/local/lib/perl5/site_perl/5.8.8/x86_64-linux/JSON/Syck.pm line 46, <$FH> line 1.
'/home1/himamsu/.cpanel/quickinstall/cache/wordpress.info' is non-existent or empty at /usr/local/lib/perl5/site_perl/5.8.8/x86_64-linux/JSON/Syck.pm line 46.
Use of uninitialized value in pattern match (m//) at /usr/local/cpanel/Cpanel/QuickInstall/HTTP.pm line 44.
Use of uninitialized value in numeric eq (==) at /usr/local/cpanel/Cpanel/QuickInstall/HTTP.pm line 45.
'/home1/himamsu/.cpanel/quickinstall/cache/wordpress.info' is non-existent or empty at /usr/local/lib/perl5/site_perl/5.8.8/x86_64-linux/JSON/Syck.pm line 46, <$FH> line 1.
'/home1/himamsu/.cpanel/quickinstall/cache/wordpress.info' is non-existent or empty at /usr/local/lib/perl5/site_perl/5.8.8/x86_64-linux/JSON/Syck.pm line 46.
'/home1/himamsu/.cpanel/quickinstall/cache/wordpress.info' is non-existent or empty at /usr/local/lib/perl5/site_perl/5.8.8/x86_64-linux/JSON/Syck.pm line 46, <$FH> line 1.
'/home1/himamsu/.cpanel/quickinstall/cache/wordpress.info' is non-existent or empty at /usr/local/lib/perl5/site_perl/5.8.8/x86_64-linux/JSON/Syck.pm line 46.
'/home1/himamsu/.cpanel/quickinstall/cache/wordpress.info' is non-existent or empty at /usr/local/lib/perl5/site_perl/5.8.8/x86_64-linux/JSON/Syck.pm line 46, <$FH> line 1.
'/home1/himamsu/.cpanel/quickinstall/cache/wordpress.info' is non-existent or empty at /usr/local/lib/perl5/site_perl/5.8.8/x86_64-linux/JSON/Syck.pm line 46.
'/home1/himamsu/.cpanel/quickinstall/cache/wordpress.info' is non-existent or empty at /usr/local/lib/perl5/site_perl/5.8.8/x86_64-linux/JSON/Syck.pm line 46, <$FH> line 1.
'/home1/himamsu/.cpanel/quickinstall/cache/wordpress.info' is non-existent or empty at /usr/local/lib/perl5/site_perl/5.8.8/x86_64-linux/JSON/Syck.pm line 46.
'/home1/himamsu/.cpanel/quickinstall/cache/wordpress.info' is non-existent or empty at /usr/local/lib/perl5/site_perl/5.8.8/x86_64-linux/JSON/Syck.pm line 46, <$FH> line 1.
'/home1/himamsu/.cpanel/quickinstall/cache/wordpress.info' is non-existent or empty at /usr/local/lib/perl5/site_perl/5.8.8/x86_64-linux/JSON/Syck.pm line 46.
'/home1/himamsu/.cpanel/quickinstall/cache/wordpress.info' is non-existent or empty at /usr/local/lib/perl5/site_perl/5.8.8/x86_64-linux/JSON/Syck.pm line 46, <$FH> line 1.
'/home1/himamsu/.cpanel/quickinstall/cache/wordpress.info' is non-existent or empty at /usr/local/lib/perl5/site_perl/5.8.8/x86_64-linux/JSON/Syck.pm line 46.
'/home1/himamsu/.cpanel/quickinstall/cache/wordpress.info' is non-existent or empty at /usr/local/lib/perl5/site_perl/5.8.8/x86_64-linux/JSON/Syck.pm line 46, <$FH> line 1.
'/home1/himamsu/.cpanel/quickinstall/cache/wordpress.info' is non-existent or empty at /usr/local/lib/perl5/site_perl/5.8.8/x86_64-linux/JSON/Syck.pm line 46.
'/home1/himamsu/.cpanel/quickinstall/cache/wordpress.info' is non-existent or empty at /usr/local/lib/perl5/site_perl/5.8.8/x86_64-linux/JSON/Syck.pm line 46, <$FH> line 1.
'/home1/himamsu/.cpanel/quickinstall/cache/wordpress.info' is non-existent or empty at /usr/local/lib/perl5/site_perl/5.8.8/x86_64-linux/JSON/Syck.pm line 46.
'/home1/himamsu/.cpanel/quickinstall/cache/wordpress.info' is non-existent or empty at /usr/local/lib/perl5/site_perl/5.8.8/x86_64-linux/JSON/Syck.pm line 46, <$FH> line 1.
'/home1/himamsu/.cpanel/quickinstall/cache/wordpress.info' is non-existent or empty at /usr/local/lib/perl5/site_perl/5.8.8/x86_64-linux/JSON/Syck.pm line 46.
'/home1/himamsu/.cpanel/quickinstall/cache/wordpress.info' is non-existent or empty at /usr/local/lib/perl5/site_perl/5.8.8/x86_64-linux/JSON/Syck.pm line 46, <$FH> line 1.
'/home1/himamsu/.cpanel/quickinstall/cache/wordpress.info' is non-existent or empty at /usr/local/lib/perl5/site_perl/5.8.8/x86_64-linux/JSON/Syck.pm line 46.
'/home1/himamsu/.cpanel/quickinstall/cache/wordpress.info' is non-existent or empty at /usr/local/lib/perl5/site_perl/5.8.8/x86_64-linux/JSON/Syck.pm line 46, <$FH> line 1.
'/home1/himamsu/.cpanel/quickinstall/cache/wordpress.info' is non-existent or empty at /usr/local/lib/perl5/site_perl/5.8.8/x86_64-linux/JSON/Syck.pm line 46.
'/home1/himamsu/.cpanel/quickinstall/cache/wordpress.info' is non-existent or empty at /usr/local/lib/perl5/site_perl/5.8.8/x86_64-linux/JSON/Syck.pm line 46, <$FH> line 1.
'/home1/himamsu/.cpanel/quickinstall/cache/wordpress.info' is non-existent or empty at /usr/local/lib/perl5/site_perl/5.8.8/x86_64-linux/JSON/Syck.pm line 46.
'/home1/himamsu/.cpanel/quickinstall/cache/wordpress.info' is non-existent or empty at /usr/local/lib/perl5/site_perl/5.8.8/x86_64-linux/JSON/Syck.pm line 46, <$FH> line 1.
'/home1/himamsu/.cpanel/quickinstall/cache/wordpress.info' is non-existent or empty at /usr/local/lib/perl5/site_perl/5.8.8/x86_64-linux/JSON/Syck.pm line 46.
'/home1/himamsu/.cpanel/quickinstall/cache/wordpress.info' is non-existent or empty at /usr/local/lib/perl5/site_perl/5.8.8/x86_64-linux/JSON/Syck.pm line 46, <$FH> line 1.
'/home1/himamsu/.cpanel/quickinstall/cache/wordpress.info' is non-existent or empty at /usr/local/lib/perl5/site_perl/5.8.8/x86_64-linux/JSON/Syck.pm line 46.
'/home1/himamsu/.cpanel/quickinstall/cache/wordpress.info' is non-existent or empty at /usr/local/lib/perl5/site_perl/5.8.8/x86_64-linux/JSON/Syck.pm line 46, <$FH> line 1.
'/home1/himamsu/.cpanel/quickinstall/cache/wordpress.info' is non-existent or empty at /usr/local/lib/perl5/site_perl/5.8.8/x86_64-linux/JSON/Syck.pm line 46.
'/home1/himamsu/.cpanel/quickinstall/cache/wordpress.info' is non-existent or empty at /usr/local/lib/perl5/site_perl/5.8.8/x86_64-linux/JSON/Syck.pm line 46, <$FH> line 1.
'/home1/himamsu/.cpanel/quickinstall/cache/wordpress.info' is non-existent or empty at /usr/local/lib/perl5/site_perl/5.8.8/x86_64-linux/JSON/Syck.pm line 46.
'/home1/himamsu/.cpanel/quickinstall/cache/wordpress.info' is non-existent or empty at /usr/local/lib/perl5/site_perl/5.8.8/x86_64-linux/JSON/Syck.pm line 46, <$FH> line 1.
'/home1/himamsu/.cpanel/quickinstall/cache/wordpress.info' is non-existent or empty at /usr/local/lib/perl5/site_perl/5.8.8/x86_64-linux/JSON/Syck.pm line 46.
'/home1/himamsu/.cpanel/quickinstall/cache/wordpress.info' is non-existent or empty at /usr/local/lib/perl5/site_perl/5.8.8/x86_64-linux/JSON/Syck.pm line 46, <$FH> line 1.
'/home1/himamsu/.cpanel/quickinstall/cache/wordpress.info' is non-existent or empty at /usr/local/lib/perl5/site_perl/5.8.8/x86_64-linux/JSON/Syck.pm line 46.
'/home1/himamsu/.cpanel/quickinstall/cache/wordpress.info' is non-existent or empty at /usr/local/lib/perl5/site_perl/5.8.8/x86_64-linux/JSON/Syck.pm line 46, <$FH> line 1.
'/home1/himamsu/.cpanel/quickinstall/cache/wordpress.info' is non-existent or empty at /usr/local/lib/perl5/site_perl/5.8.8/x86_64-linux/JSON/Syck.pm line 46.
'/home1/himamsu/.cpanel/quickinstall/cache/wordpress.info' is non-existent or empty at /usr/local/lib/perl5/site_perl/5.8.8/x86_64-linux/JSON/Syck.pm line 46, <$FH> line 1.
'/home1/himamsu/.cpanel/quickinstall/cache/wordpress.info' is non-existent or empty at /usr/local/lib/perl5/site_perl/5.8.8/x86_64-linux/JSON/Syck.pm line 46.
'/home1/himamsu/.cpanel/quickinstall/cache/wordpress.info' is non-existent or empty at /usr/local/lib/perl5/site_perl/5.8.8/x86_64-linux/JSON/Syck.pm line 46, <$FH> line 1.
'/home1/himamsu/.cpanel/quickinstall/cache/wordpress.info' is non-existent or empty at /usr/local/lib/perl5/site_perl/5.8.8/x86_64-linux/JSON/Syck.pm line 46.
'/home1/himamsu/.cpanel/quickinstall/cache/wordpress.info' is non-existent or empty at /usr/local/lib/perl5/site_perl/5.8.8/x86_64-linux/JSON/Syck.pm line 46, <$FH> line 1.
'/home1/himamsu/.cpanel/quickinstall/cache/wordpress.info' is non-existent or empty at /usr/local/lib/perl5/site_perl/5.8.8/x86_64-linux/JSON/Syck.pm line 46.
'/home1/himamsu/.cpanel/quickinstall/cache/wordpress.info' is non-existent or empty at /usr/local/lib/perl5/site_perl/5.8.8/x86_64-linux/JSON/Syck.pm line 46, <$FH> line 1.
'/home1/himamsu/.cpanel/quickinstall/cache/wordpress.info' is non-existent or empty at /usr/local/lib/perl5/site_perl/5.8.8/x86_64-linux/JSON/Syck.pm line 46.
'/home1/himamsu/.cpanel/quickinstall/cache/wordpress.info' is non-existent or empty at /usr/local/lib/perl5/site_perl/5.8.8/x86_64-linux/JSON/Syck.pm line 46, <$FH> line 1.
'/home1/himamsu/.cpanel/quickinstall/cache/wordpress.info' is non-existent or empty at /usr/local/lib/perl5/site_perl/5.8.8/x86_64-linux/JSON/Syck.pm line 46.
'/home1/himamsu/.cpanel/quickinstall/cache/wordpress.info' is non-existent or empty at /usr/local/lib/perl5/site_perl/5.8.8/x86_64-linux/JSON/Syck.pm line 46, <$FH> line 1.
'/home1/himamsu/.cpanel/quickinstall/cache/wordpress.info' is non-existent or empty at /usr/local/lib/perl5/site_perl/5.8.8/x86_64-linux/JSON/Syck.pm line 46.
'/home1/himamsu/.cpanel/quickinstall/cache/wordpress.info' is non-existent or empty at /usr/local/lib/perl5/site_perl/5.8.8/x86_64-linux/JSON/Syck.pm line 46, <$FH> line 1.
'/home1/himamsu/.cpanel/quickinstall/cache/wordpress.info' is non-existent or empty at /usr/local/lib/perl5/site_perl/5.8.8/x86_64-linux/JSON/Syck.pm line 46.
'/home1/himamsu/.cpanel/quickinstall/cache/wordpress.info' is non-existent or empty at /usr/local/lib/perl5/site_perl/5.8.8/x86_64-linux/JSON/Syck.pm line 46, <$FH> line 1.
'/home1/himamsu/.cpanel/quickinstall/cache/wordpress.info' is non-existent or empty at /usr/local/lib/perl5/site_perl/5.8.8/x86_64-linux/JSON/Syck.pm line 46.
'/home1/himamsu/.cpanel/quickinstall/cache/wordpress.info' is non-existent or empty at /usr/local/lib/perl5/site_perl/5.8.8/x86_64-linux/JSON/Syck.pm line 46, <$FH> line 1.
'/home1/himamsu/.cpanel/quickinstall/cache/wordpress.info' is non-existent or empty at /usr/local/lib/perl5/site_perl/5.8.8/x86_64-linux/JSON/Syck.pm line 46.
'/home1/himamsu/.cpanel/quickinstall/cache/wordpress.info' is non-existent or empty at /usr/local/lib/perl5/site_perl/5.8.8/x86_64-linux/JSON/Syck.pm line 46, <$FH> line 1.
'/home1/himamsu/.cpanel/quickinstall/cache/wordpress.info' is non-existent or empty at /usr/local/lib/perl5/site_perl/5.8.8/x86_64-linux/JSON/Syck.pm line 46.
Use of uninitialized value in pattern match (m//) at /usr/local/cpanel/Cpanel/QuickInstall/HTTP.pm line 44.
Use of uninitialized value in numeric eq (==) at /usr/local/cpanel/Cpanel/QuickInstall/HTTP.pm line 45.
'/home1/himamsu/.cpanel/quickinstall/cache/wordpress.info' is non-existent or empty at /usr/local/lib/perl5/site_perl/5.8.8/x86_64-linux/JSON/Syck.pm line 46, <$FH> line 1.
'/home1/himamsu/.cpanel/quickinstall/cache/wordpress.info' is non-existent or empty at /usr/local/lib/perl5/site_perl/5.8.8/x86_64-linux/JSON/Syck.pm line 46.
'/home1/himamsu/.cpanel/quickinstall/cache/wordpress.info' is non-existent or empty at /usr/local/lib/perl5/site_perl/5.8.8/x86_64-linux/JSON/Syck.pm line 46, <$FH> line 1.
'/home1/himamsu/.cpanel/quickinstall/cache/wordpress.info' is non-existent or empty at /usr/local/lib/perl5/site_perl/5.8.8/x86_64-linux/JSON/Syck.pm line 46.
'/home1/himamsu/.cpanel/quickinstall/cache/wordpress.info' is non-existent or empty at /usr/local/lib/perl5/site_perl/5.8.8/x86_64-linux/JSON/Syck.pm line 46, <$FH> line 1.
'/home1/himamsu/.cpanel/quickinstall/cache/wordpress.info' is non-existent or empty at /usr/local/lib/perl5/site_perl/5.8.8/x86_64-linux/JSON/Syck.pm line 46.
'/home1/himamsu/.cpanel/quickinstall/cache/wordpress.info' is non-existent or empty at /usr/local/lib/perl5/site_perl/5.8.8/x86_64-linux/JSON/Syck.pm line 46, <$FH> line 1.
'/home1/himamsu/.cpanel/quickinstall/cache/wordpress.info' is non-existent or empty at /usr/local/lib/perl5/site_perl/5.8.8/x86_64-linux/JSON/Syck.pm line 46.
'/home1/himamsu/.cpanel/quickinstall/cache/wordpress.info' is non-existent or empty at /usr/local/lib/perl5/site_perl/5.8.8/x86_64-linux/JSON/Syck.pm line 46, <$FH> line 1.
'/home1/himamsu/.cpanel/quickinstall/cache/wordpress.info' is non-existent or empty at /usr/local/lib/perl5/site_perl/5.8.8/x86_64-linux/JSON/Syck.pm line 46.
'/home1/himamsu/.cpanel/quickinstall/cache/wordpress.info' is non-existent or empty at /usr/local/lib/perl5/site_perl/5.8.8/x86_64-linux/JSON/Syck.pm line 46, <$FH> line 1.
'/home1/himamsu/.cpanel/quickinstall/cache/wordpress.info' is non-existent or empty at /usr/local/lib/perl5/site_perl/5.8.8/x86_64-linux/JSON/Syck.pm line 46.
'/home1/himamsu/.cpanel/quickinstall/cache/wordpress.info' is non-existent or empty at /usr/local/lib/perl5/site_perl/5.8.8/x86_64-linux/JSON/Syck.pm line 46, <$FH> line 1.
'/home1/himamsu/.cpanel/quickinstall/cache/wordpress.info' is non-existent or empty at /usr/local/lib/perl5/site_perl/5.8.8/x86_64-linux/JSON/Syck.pm line 46.
'/home1/himamsu/.cpanel/quickinstall/cache/wordpress.info' is non-existent or empty at /usr/local/lib/perl5/site_perl/5.8.8/x86_64-linux/JSON/Syck.pm line 46, <$FH> line 1.
'/home1/himamsu/.cpanel/quickinstall/cache/wordpress.info' is non-existent or empty at /usr/local/lib/perl5/site_perl/5.8.8/x86_64-linux/JSON/Syck.pm line 46.
'/home1/himamsu/.cpanel/quickinstall/cache/wordpress.info' is non-existent or empty at /usr/local/lib/perl5/site_perl/5.8.8/x86_64-linux/JSON/Syck.pm line 46, <$FH> line 1.
'/home1/himamsu/.cpanel/quickinstall/cache/wordpress.info' is non-existent or empty at /usr/local/lib/perl5/site_perl/5.8.8/x86_64-linux/JSON/Syck.pm line 46.
'/home1/himamsu/.cpanel/quickinstall/cache/wordpress.info' is non-existent or empty at /usr/local/lib/perl5/site_perl/5.8.8/x86_64-linux/JSON/Syck.pm line 46, <$FH> line 1.
'/home1/himamsu/.cpanel/quickinstall/cache/wordpress.info' is non-existent or empty at /usr/local/lib/perl5/site_perl/5.8.8/x86_64-linux/JSON/Syck.pm line 46.
'/home1/himamsu/.cpanel/quickinstall/cache/wordpress.info' is non-existent or empty at /usr/local/lib/perl5/site_perl/5.8.8/x86_64-linux/JSON/Syck.pm line 46, <$FH> line 1.
Can't open socket: Connection timed out at /usr/local/cpanel/Cpanel/QuickInstall/HTTP.pm line 28.
'/home1/himamsu/.cpanel/quickinstall/cache/wordpress.info' is non-existent or empty at /usr/local/lib/perl5/site_perl/5.8.8/x86_64-linux/JSON/Syck.pm line 46.
'/home1/himamsu/.cpanel/quickinstall/cache/wordpress.info' is non-existent or empty at /usr/local/lib/perl5/site_perl/5.8.8/x86_64-linux/JSON/Syck.pm line 46, <$FH> line 1.
'/home1/himamsu/.cpanel/quickinstall/cache/wordpress.info' is non-existent or empty at /usr/local/lib/perl5/site_perl/5.8.8/x86_64-linux/JSON/Syck.pm line 46.
'/home1/himamsu/.cpanel/quickinstall/cache/wordpress.info' is non-existent or empty at /usr/local/lib/perl5/site_perl/5.8.8/x86_64-linux/JSON/Syck.pm line 46, <$FH> line 1.
'/home1/himamsu/.cpanel/quickinstall/cache/wordpress.info' is non-existent or empty at /usr/local/lib/perl5/site_perl/5.8.8/x86_64-linux/JSON/Syck.pm line 46.
'/home1/himamsu/.cpanel/quickinstall/cache/wordpress.info' is non-existent or empty at /usr/local/lib/perl5/site_perl/5.8.8/x86_64-linux/JSON/Syck.pm line 46, <$FH> line 1.
'/home1/himamsu/.cpanel/quickinstall/cache/wordpress.info' is non-existent or empty at /usr/local/lib/perl5/site_perl/5.8.8/x86_64-linux/JSON/Syck.pm line 46.
'/home1/himamsu/.cpanel/quickinstall/cache/wordpress.info' is non-existent or empty at /usr/local/lib/perl5/site_perl/5.8.8/x86_64-linux/JSON/Syck.pm line 46, <$FH> line 1.
'/home1/himamsu/.cpanel/quickinstall/cache/wordpress.info' is non-existent or empty at /usr/local/lib/perl5/site_perl/5.8.8/x86_64-linux/JSON/Syck.pm line 46.
Use of uninitialized value in pattern match (m//) at /usr/local/cpanel/Cpanel/QuickInstall/HTTP.pm line 44.
Use of uninitialized value in numeric eq (==) at /usr/local/cpanel/Cpanel/QuickInstall/HTTP.pm line 45.
'/home1/himamsu/.cpanel/quickinstall/cache/wordpress.info' is non-existent or empty at /usr/local/lib/perl5/site_perl/5.8.8/x86_64-linux/JSON/Syck.pm line 46, <$FH> line 1.
'/home1/himamsu/.cpanel/quickinstall/cache/wordpress.info' is non-existent or empty at /usr/local/lib/perl5/site_perl/5.8.8/x86_64-linux/JSON/Syck.pm line 46.
'/home1/himamsu/.cpanel/quickinstall/cache/wordpress.info' is non-existent or empty at /usr/local/lib/perl5/site_perl/5.8.8/x86_64-linux/JSON/Syck.pm line 46, <$FH> line 1.
'/home1/himamsu/.cpanel/quickinstall/cache/wordpress.info' is non-existent or empty at /usr/local/lib/perl5/site_perl/5.8.8/x86_64-linux/JSON/Syck.pm line 46.
'/home1/himamsu/.cpanel/quickinstall/cache/wordpress.info' is non-existent or empty at /usr/local/lib/perl5/site_perl/5.8.8/x86_64-linux/JSON/Syck.pm line 46, <$FH> line 1.
'/home1/himamsu/.cpanel/quickinstall/cache/wordpress.info' is non-existent or empty at /usr/local/lib/perl5/site_perl/5.8.8/x86_64-linux/JSON/Syck.pm line 46.
'/home1/himamsu/.cpanel/quickinstall/cache/wordpress.info' is non-existent or empty at /usr/local/lib/perl5/site_perl/5.8.8/x86_64-linux/JSON/Syck.pm line 46, <$FH> line 1.
'/home1/himamsu/.cpanel/quickinstall/cache/wordpress.info' is non-existent or empty at /usr/local/lib/perl5/site_perl/5.8.8/x86_64-linux/JSON/Syck.pm line 46.
'/home1/himamsu/.cpanel/quickinstall/cache/wordpress.info' is non-existent or empty at /usr/local/lib/perl5/site_perl/5.8.8/x86_64-linux/JSON/Syck.pm line 46, <$FH> line 1.
'/home1/himamsu/.cpanel/quickinstall/cache/wordpress.info' is non-existent or empty at /usr/local/lib/perl5/site_perl/5.8.8/x86_64-linux/JSON/Syck.pm line 46.
'/home1/himamsu/.cpanel/quickinstall/cache/wordpress.info' is non-existent or empty at /usr/local/lib/perl5/site_perl/5.8.8/x86_64-linux/JSON/Syck.pm line 46, <$FH> line 1.
'/home1/himamsu/.cpanel/quickinstall/cache/wordpress.info' is non-existent or empty at /usr/local/lib/perl5/site_perl/5.8.8/x86_64-linux/JSON/Syck.pm line 46.
'/home1/himamsu/.cpanel/quickinstall/cache/wordpress.info' is non-existent or empty at /usr/local/lib/perl5/site_perl/5.8.8/x86_64-linux/JSON/Syck.pm line 46, <$FH> line 1.
'/home1/himamsu/.cpanel/quickinstall/cache/wordpress.info' is non-existent or empty at /usr/local/lib/perl5/site_perl/5.8.8/x86_64-linux/JSON/Syck.pm line 46.
'/home1/himamsu/.cpanel/quickinstall/cache/wordpress.info' is non-existent or empty at /usr/local/lib/perl5/site_perl/5.8.8/x86_64-linux/JSON/Syck.pm line 46, <$FH> line 1.
'/home1/himamsu/.cpanel/quickinstall/cache/wordpress.info' is non-existent or empty at /usr/local/lib/perl5/site_perl/5.8.8/x86_64-linux/JSON/Syck.pm line 46.
'/home1/himamsu/.cpanel/quickinstall/cache/wordpress.info' is non-existent or empty at /usr/local/lib/perl5/site_perl/5.8.8/x86_64-linux/JSON/Syck.pm line 46, <$FH> line 1.
'/home1/himamsu/.cpanel/quickinstall/cache/wordpress.info' is non-existent or empty at /usr/local/lib/perl5/site_perl/5.8.8/x86_64-linux/JSON/Syck.pm line 46.
Use of uninitialized value in pattern match (m//) at /usr/local/cpanel/Cpanel/QuickInstall/HTTP.pm line 44.
Use of uninitialized value in numeric eq (==) at /usr/local/cpanel/Cpanel/QuickInstall/HTTP.pm line 45.
'/home1/himamsu/.cpanel/quickinstall/cache/wordpress.info' is non-existent or empty at /usr/local/lib/perl5/site_perl/5.8.8/x86_64-linux/JSON/Syck.pm line 46, <$FH> line 1.
'/home1/himamsu/.cpanel/quickinstall/cache/wordpress.info' is non-existent or empty at /usr/local/lib/perl5/site_perl/5.8.8/x86_64-linux/JSON/Syck.pm line 46.
'/home1/himamsu/.cpanel/quickinstall/cache/wordpress.info' is non-existent or empty at /usr/local/lib/perl5/site_perl/5.8.8/x86_64-linux/JSON/Syck.pm line 46, <$FH> line 1.
'/home1/himamsu/.cpanel/quickinstall/cache/wordpress.info' is non-existent or empty at /usr/local/lib/perl5/site_perl/5.8.8/x86_64-linux/JSON/Syck.pm line 46.
Can't open socket: Connection timed out at /usr/local/cpanel/Cpanel/QuickInstall/HTTP.pm line 28.
'/home1/himamsu/.cpanel/quickinstall/cache/wordpress.info' is non-existent or empty at /usr/local/lib/perl5/site_perl/5.8.8/x86_64-linux/JSON/Syck.pm line 46.
'/home1/himamsu/.cpanel/quickinstall/cache/wordpress.info' is non-existent or empty at /usr/local/lib/perl5/site_perl/5.8.8/x86_64-linux/JSON/Syck.pm line 46, <$FH> line 1.
'/home1/himamsu/.cpanel/quickinstall/cache/wordpress.info' is non-existent or empty at /usr/local/lib/perl5/site_perl/5.8.8/x86_64-linux/JSON/Syck.pm line 46.
'/home1/himamsu/.cpanel/quickinstall/cache/wordpress.info' is non-existent or empty at /usr/local/lib/perl5/site_perl/5.8.8/x86_64-linux/JSON/Syck.pm line 46, <$FH> line 1.
'/home1/himamsu/.cpanel/quickinstall/cache/wordpress.info' is non-existent or empty at /usr/local/lib/perl5/site_perl/5.8.8/x86_64-linux/JSON/Syck.pm line 46.
'/home1/himamsu/.cpanel/quickinstall/cache/wordpress.info' is non-existent or empty at /usr/local/lib/perl5/site_perl/5.8.8/x86_64-linux/JSON/Syck.pm line 46, <$FH> line 1.
'/home1/himamsu/.cpanel/quickinstall/cache/wordpress.info' is non-existent or empty at /usr/local/lib/perl5/site_perl/5.8.8/x86_64-linux/JSON/Syck.pm line 46.
'/home1/himamsu/.cpanel/quickinstall/cache/wordpress.info' is non-existent or empty at /usr/local/lib/perl5/site_perl/5.8.8/x86_64-linux/JSON/Syck.pm line 46, <$FH> line 1.
'/home1/himamsu/.cpanel/quickinstall/cache/wordpress.info' is non-existent or empty at /usr/local/lib/perl5/site_perl/5.8.8/x86_64-linux/JSON/Syck.pm line 46.
'/home1/himamsu/.cpanel/quickinstall/cache/wordpress.info' is non-existent or empty at /usr/local/lib/perl5/site_perl/5.8.8/x86_64-linux/JSON/Syck.pm line 46, <$FH> line 1.
'/home1/himamsu/.cpanel/quickinstall/cache/wordpress.info' is non-existent or empty at /usr/local/lib/perl5/site_perl/5.8.8/x86_64-linux/JSON/Syck.pm line 46.
'/home1/himamsu/.cpanel/quickinstall/cache/wordpress.info' is non-existent or empty at /usr/local/lib/perl5/site_perl/5.8.8/x86_64-linux/JSON/Syck.pm line 46, <$FH> line 1.
'/home1/himamsu/.cpanel/quickinstall/cache/wordpress.info' is non-existent or empty at /usr/local/lib/perl5/site_perl/5.8.8/x86_64-linux/JSON/Syck.pm line 46.
'/home1/himamsu/.cpanel/quickinstall/cache/wordpress.info' is non-existent or empty at /usr/local/lib/perl5/site_perl/5.8.8/x86_64-linux/JSON/Syck.pm line 46, <$FH> line 1.
'/home1/himamsu/.cpanel/quickinstall/cache/wordpress.info' is non-existent or empty at /usr/local/lib/perl5/site_perl/5.8.8/x86_64-linux/JSON/Syck.pm line 46.
'/home1/himamsu/.cpanel/quickinstall/cache/wordpress.info' is non-existent or empty at /usr/local/lib/perl5/site_perl/5.8.8/x86_64-linux/JSON/Syck.pm line 46, <$FH> line 1.
'/home1/himamsu/.cpanel/quickinstall/cache/wordpress.info' is non-existent or empty at /usr/local/lib/perl5/site_perl/5.8.8/x86_64-linux/JSON/Syck.pm line 46.
'/home1/himamsu/.cpanel/quickinstall/cache/wordpress.info' is non-existent or empty at /usr/local/lib/perl5/site_perl/5.8.8/x86_64-linux/JSON/Syck.pm line 46, <$FH> line 1.
'/home1/himamsu/.cpanel/quickinstall/cache/wordpress.info' is non-existent or empty at /usr/local/lib/perl5/site_perl/5.8.8/x86_64-linux/JSON/Syck.pm line 46.
'/home1/himamsu/.cpanel/quickinstall/cache/wordpress.info' is non-existent or empty at /usr/local/lib/perl5/site_perl/5.8.8/x86_64-linux/JSON/Syck.pm line 46, <$FH> line 1.
'/home1/himamsu/.cpanel/quickinstall/cache/wordpress.info' is non-existent or empty at /usr/local/lib/perl5/site_perl/5.8.8/x86_64-linux/JSON/Syck.pm line 46.
'/home1/himamsu/.cpanel/quickinstall/cache/wordpress.info' is non-existent or empty at /usr/local/lib/perl5/site_perl/5.8.8/x86_64-linux/JSON/Syck.pm line 46, <$FH> line 1.
Can't open socket: Connection timed out at /usr/local/cpanel/Cpanel/QuickInstall/HTTP.pm line 28.
'/home1/himamsu/.cpanel/quickinstall/cache/wordpress.info' is non-existent or empty at /usr/local/lib/perl5/site_perl/5.8.8/x86_64-linux/JSON/Syck.pm line 46.
'/home1/himamsu/.cpanel/quickinstall/cache/wordpress.info' is non-existent or empty at /usr/local/lib/perl5/site_perl/5.8.8/x86_64-linux/JSON/Syck.pm line 46, <$FH> line 1.
'/home1/himamsu/.cpanel/quickinstall/cache/wordpress.info' is non-existent or empty at /usr/local/lib/perl5/site_perl/5.8.8/x86_64-linux/JSON/Syck.pm line 46.
'/home1/himamsu/.cpanel/quickinstall/cache/wordpress.info' is non-existent or empty at /usr/local/lib/perl5/site_perl/5.8.8/x86_64-linux/JSON/Syck.pm line 46, <$FH> line 1.
'/home1/himamsu/.cpanel/quickinstall/cache/wordpress.info' is non-existent or empty at /usr/local/lib/perl5/site_perl/5.8.8/x86_64-linux/JSON/Syck.pm line 46.
'/home1/himamsu/.cpanel/quickinstall/cache/wordpress.info' is non-existent or empty at /usr/local/lib/perl5/site_perl/5.8.8/x86_64-linux/JSON/Syck.pm line 46, <$FH> line 1.
'/home1/himamsu/.cpanel/quickinstall/cache/wordpress.info' is non-existent or empty at /usr/local/lib/perl5/site_perl/5.8.8/x86_64-linux/JSON/Syck.pm line 46.
'/home1/himamsu/.cpanel/quickinstall/cache/wordpress.info' is non-existent or empty at /usr/local/lib/perl5/site_perl/5.8.8/x86_64-linux/JSON/Syck.pm line 46, <$FH> line 1.
'/home1/himamsu/.cpanel/quickinstall/cache/wordpress.info' is non-existent or empty at /usr/local/lib/perl5/site_perl/5.8.8/x86_64-linux/JSON/Syck.pm line 46.
'/home1/himamsu/.cpanel/quickinstall/cache/wordpress.info' is non-existent or empty at /usr/local/lib/perl5/site_perl/5.8.8/x86_64-linux/JSON/Syck.pm line 46, <$FH> line 1.
'/home1/himamsu/.cpanel/quickinstall/cache/wordpress.info' is non-existent or empty at /usr/local/lib/perl5/site_perl/5.8.8/x86_64-linux/JSON/Syck.pm line 46.
'/home1/himamsu/.cpanel/quickinstall/cache/wordpress.info' is non-existent or empty at /usr/local/lib/perl5/site_perl/5.8.8/x86_64-linux/JSON/Syck.pm line 46, <$FH> line 1.
'/home1/himamsu/.cpanel/quickinstall/cache/wordpress.info' is non-existent or empty at /usr/local/lib/perl5/site_perl/5.8.8/x86_64-linux/JSON/Syck.pm line 46.
'/home1/himamsu/.cpanel/quickinstall/cache/wordpress.info' is non-existent or empty at /usr/local/lib/perl5/site_perl/5.8.8/x86_64-linux/JSON/Syck.pm line 46, <$FH> line 1.
'/home1/himamsu/.cpanel/quickinstall/cache/wordpress.info' is non-existent or empty at /usr/local/lib/perl5/site_perl/5.8.8/x86_64-linux/JSON/Syck.pm line 46.
'/home1/himamsu/.cpanel/quickinstall/cache/wordpress.info' is non-existent or empty at /usr/local/lib/perl5/site_perl/5.8.8/x86_64-linux/JSON/Syck.pm line 46, <$FH> line 1.
'/home1/himamsu/.cpanel/quickinstall/cache/wordpress.info' is non-existent or empty at /usr/local/lib/perl5/site_perl/5.8.8/x86_64-linux/JSON/Syck.pm line 46.
'/home1/himamsu/.cpanel/quickinstall/cache/wordpress.info' is non-existent or empty at /usr/local/lib/perl5/site_perl/5.8.8/x86_64-linux/JSON/Syck.pm line 46, <$FH> line 1.
'/home1/himamsu/.cpanel/quickinstall/cache/wordpress.info' is non-existent or empty at /usr/local/lib/perl5/site_perl/5.8.8/x86_64-linux/JSON/Syck.pm line 46.
'/home1/himamsu/.cpanel/quickinstall/cache/wordpress.info' is non-existent or empty at /usr/local/lib/perl5/site_perl/5.8.8/x86_64-linux/JSON/Syck.pm line 46, <$FH> line 1.
Can't open socket: Connection timed out at /usr/local/cpanel/Cpanel/QuickInstall/HTTP.pm line 28.
Can't open socket: Connection timed out at /usr/local/cpanel/Cpanel/QuickInstall/HTTP.pm line 28, <$FH> line 1.
'/home1/himamsu/.cpanel/quickinstall/cache/wordpress.info' is non-existent or empty at /usr/local/lib/perl5/site_perl/5.8.8/x86_64-linux/JSON/Syck.pm line 46.
'/home1/himamsu/.cpanel/quickinstall/cache/wordpress.info' is non-existent or empty at /usr/local/lib/perl5/site_perl/5.8.8/x86_64-linux/JSON/Syck.pm line 46, <$FH> line 1.
'/home1/himamsu/.cpanel/quickinstall/cache/wordpress.info' is non-existent or empty at /usr/local/lib/perl5/site_perl/5.8.8/x86_64-linux/JSON/Syck.pm line 46.
'/home1/himamsu/.cpanel/quickinstall/cache/wordpress.info' is non-existent or empty at /usr/local/lib/perl5/site_perl/5.8.8/x86_64-linux/JSON/Syck.pm line 46, <$FH> line 1.
'/home1/himamsu/.cpanel/quickinstall/cache/wordpress.info' is non-existent or empty at /usr/local/lib/perl5/site_perl/5.8.8/x86_64-linux/JSON/Syck.pm line 46.
'/home1/himamsu/.cpanel/quickinstall/cache/wordpress.info' is non-existent or empty at /usr/local/lib/perl5/site_perl/5.8.8/x86_64-linux/JSON/Syck.pm line 46, <$FH> line 1.
'/home1/himamsu/.cpanel/quickinstall/cache/wordpress.info' is non-existent or empty at /usr/local/lib/perl5/site_perl/5.8.8/x86_64-linux/JSON/Syck.pm line 46.
'/home1/himamsu/.cpanel/quickinstall/cache/wordpress.info' is non-existent or empty at /usr/local/lib/perl5/site_perl/5.8.8/x86_64-linux/JSON/Syck.pm line 46, <$FH> line 1.
'/home1/himamsu/.cpanel/quickinstall/cache/wordpress.info' is non-existent or empty at /usr/local/lib/perl5/site_perl/5.8.8/x86_64-linux/JSON/Syck.pm line 46.
'/home1/himamsu/.cpanel/quickinstall/cache/wordpress.info' is non-existent or empty at /usr/local/lib/perl5/site_perl/5.8.8/x86_64-linux/JSON/Syck.pm line 46, <$FH> line 1.
'/home1/himamsu/.cpanel/quickinstall/cache/wordpress.info' is non-existent or empty at /usr/local/lib/perl5/site_perl/5.8.8/x86_64-linux/JSON/Syck.pm line 46.
'/home1/himamsu/.cpanel/quickinstall/cache/wordpress.info' is non-existent or empty at /usr/local/lib/perl5/site_perl/5.8.8/x86_64-linux/JSON/Syck.pm line 46, <$FH> line 1.
'/home1/himamsu/.cpanel/quickinstall/cache/wordpress.info' is non-existent or empty at /usr/local/lib/perl5/site_perl/5.8.8/x86_64-linux/JSON/Syck.pm line 46.
Use of uninitialized value in pattern match (m//) at /usr/local/cpanel/Cpanel/QuickInstall/HTTP.pm line 44.
Use of uninitialized value in numeric eq (==) at /usr/local/cpanel/Cpanel/QuickInstall/HTTP.pm line 45.
'/home1/himamsu/.cpanel/quickinstall/cache/wordpress.info' is non-existent or empty at /usr/local/lib/perl5/site_perl/5.8.8/x86_64-linux/JSON/Syck.pm line 46.
'/home1/himamsu/.cpanel/quickinstall/cache/wordpress.info' is non-existent or empty at /usr/local/lib/perl5/site_perl/5.8.8/x86_64-linux/JSON/Syck.pm line 46, <$FH> line 1.
'/home1/himamsu/.cpanel/quickinstall/cache/wordpress.info' is non-existent or empty at /usr/local/lib/perl5/site_perl/5.8.8/x86_64-linux/JSON/Syck.pm line 46.
'/home1/himamsu/.cpanel/quickinstall/cache/wordpress.info' is non-existent or empty at /usr/local/lib/perl5/site_perl/5.8.8/x86_64-linux/JSON/Syck.pm line 46, <$FH> line 1.
'/home1/himamsu/.cpanel/quickinstall/cache/wordpress.info' is non-existent or empty at /usr/local/lib/perl5/site_perl/5.8.8/x86_64-linux/JSON/Syck.pm line 46.
'/home1/himamsu/.cpanel/quickinstall/cache/wordpress.info' is non-existent or empty at /usr/local/lib/perl5/site_perl/5.8.8/x86_64-linux/JSON/Syck.pm line 46, <$FH> line 1.
Can't open socket: Connection timed out at /usr/local/cpanel/Cpanel/QuickInstall/HTTP.pm line 28, <$FH> line 1.
'/home1/himamsu/.cpanel/quickinstall/cache/wordpress.info' is non-existent or empty at /usr/local/lib/perl5/site_perl/5.8.8/x86_64-linux/JSON/Syck.pm line 46.
'/home1/himamsu/.cpanel/quickinstall/cache/wordpress.info' is non-existent or empty at /usr/local/lib/perl5/site_perl/5.8.8/x86_64-linux/JSON/Syck.pm line 46, <$FH> line 1.
'/home1/himamsu/.cpanel/quickinstall/cache/wordpress.info' is non-existent or empty at /usr/local/lib/perl5/site_perl/5.8.8/x86_64-linux/JSON/Syck.pm line 46.
'/home1/himamsu/.cpanel/quickinstall/cache/wordpress.info' is non-existent or empty at /usr/local/lib/perl5/site_perl/5.8.8/x86_64-linux/JSON/Syck.pm line 46, <$FH> line 1.
'/home1/himamsu/.cpanel/quickinstall/cache/wordpress.info' is non-existent or empty at /usr/local/lib/perl5/site_perl/5.8.8/x86_64-linux/JSON/Syck.pm line 46.
'/home1/himamsu/.cpanel/quickinstall/cache/wordpress.info' is non-existent or empty at /usr/local/lib/perl5/site_perl/5.8.8/x86_64-linux/JSON/Syck.pm line 46, <$FH> line 1.
'/home1/himamsu/.cpanel/quickinstall/cache/wordpress.info' is non-existent or empty at /usr/local/lib/perl5/site_perl/5.8.8/x86_64-linux/JSON/Syck.pm line 46.
'/home1/himamsu/.cpanel/quickinstall/cache/wordpress.info' is non-existent or empty at /usr/local/lib/perl5/site_perl/5.8.8/x86_64-linux/JSON/Syck.pm line 46, <$FH> line 1.
'/home1/himamsu/.cpanel/quickinstall/cache/wordpress.info' is non-existent or empty at /usr/local/lib/perl5/site_perl/5.8.8/x86_64-linux/JSON/Syck.pm line 46.
'/home1/himamsu/.cpanel/quickinstall/cache/wordpress.info' is non-existent or empty at /usr/local/lib/perl5/site_perl/5.8.8/x86_64-linux/JSON/Syck.pm line 46, <$FH> line 1.
Use of uninitialized value in pattern match (m//) at /usr/local/cpanel/Cpanel/QuickInstall/HTTP.pm line 44.
Use of uninitialized value in numeric eq (==) at /usr/local/cpanel/Cpanel/QuickInstall/HTTP.pm line 45.
'/home1/himamsu/.cpanel/quickinstall/cache/wordpress.info' is non-existent or empty at /usr/local/lib/perl5/site_perl/5.8.8/x86_64-linux/JSON/Syck.pm line 46.
'/home1/himamsu/.cpanel/quickinstall/cache/wordpress.info' is non-existent or empty at /usr/local/lib/perl5/site_perl/5.8.8/x86_64-linux/JSON/Syck.pm line 46, <$FH> line 1.
'/home1/himamsu/.cpanel/quickinstall/cache/wordpress.info' is non-existent or empty at /usr/local/lib/perl5/site_perl/5.8.8/x86_64-linux/JSON/Syck.pm line 46.
'/home1/himamsu/.cpanel/quickinstall/cache/wordpress.info' is non-existent or empty at /usr/local/lib/perl5/site_perl/5.8.8/x86_64-linux/JSON/Syck.pm line 46, <$FH> line 1.
Can't open socket: Connection timed out at /usr/local/cpanel/Cpanel/QuickInstall/HTTP.pm line 28, <$FH> line 1.
'/home1/himamsu/.cpanel/quickinstall/cache/wordpress.info' is non-existent or empty at /usr/local/lib/perl5/site_perl/5.8.8/x86_64-linux/JSON/Syck.pm line 46.
'/home1/himamsu/.cpanel/quickinstall/cache/wordpress.info' is non-existent or empty at /usr/local/lib/perl5/site_perl/5.8.8/x86_64-linux/JSON/Syck.pm line 46, <$FH> line 1.
'/home1/himamsu/.cpanel/quickinstall/cache/wordpress.info' is non-existent or empty at /usr/local/lib/perl5/site_perl/5.8.8/x86_64-linux/JSON/Syck.pm line 46.
'/home1/himamsu/.cpanel/quickinstall/cache/wordpress.info' is non-existent or empty at /usr/local/lib/perl5/site_perl/5.8.8/x86_64-linux/JSON/Syck.pm line 46, <$FH> line 1.
'/home1/himamsu/.cpanel/quickinstall/cache/wordpress.info' is non-existent or empty at /usr/local/lib/perl5/site_perl/5.8.8/x86_64-linux/JSON/Syck.pm line 46.
'/home1/himamsu/.cpanel/quickinstall/cache/wordpress.info' is non-existent or empty at /usr/local/lib/perl5/site_perl/5.8.8/x86_64-linux/JSON/Syck.pm line 46, <$FH> line 1.
'/home1/himamsu/.cpanel/quickinstall/cache/wordpress.info' is non-existent or empty at /usr/local/lib/perl5/site_perl/5.8.8/x86_64-linux/JSON/Syck.pm line 46.
'/home1/himamsu/.cpanel/quickinstall/cache/wordpress.info' is non-existent or empty at /usr/local/lib/perl5/site_perl/5.8.8/x86_64-linux/JSON/Syck.pm line 46, <$FH> line 1.
'/home1/himamsu/.cpanel/quickinstall/cache/wordpress.info' is non-existent or empty at /usr/local/lib/perl5/site_perl/5.8.8/x86_64-linux/JSON/Syck.pm line 46.
'/home1/himamsu/.cpanel/quickinstall/cache/wordpress.info' is non-existent or empty at /usr/local/lib/perl5/site_perl/5.8.8/x86_64-linux/JSON/Syck.pm line 46, <$FH> line 1.
Can't open socket: Connection timed out at /usr/local/cpanel/Cpanel/QuickInstall/HTTP.pm line 28.
Use of uninitialized value in pattern match (m//) at /usr/local/cpanel/Cpanel/QuickInstall/HTTP.pm line 44.
Use of uninitialized value in numeric eq (==) at /usr/local/cpanel/Cpanel/QuickInstall/HTTP.pm line 45.
'/home1/himamsu/.cpanel/quickinstall/cache/wordpress.info' is non-existent or empty at /usr/local/lib/perl5/site_perl/5.8.8/x86_64-linux/JSON/Syck.pm line 46.
'/home1/himamsu/.cpanel/quickinstall/cache/wordpress.info' is non-existent or empty at /usr/local/lib/perl5/site_perl/5.8.8/x86_64-linux/JSON/Syck.pm line 46, <$FH> line 1.
'/home1/himamsu/.cpanel/quickinstall/cache/wordpress.info' is non-existent or empty at /usr/local/lib/perl5/site_perl/5.8.8/x86_64-linux/JSON/Syck.pm line 46.
'/home1/himamsu/.cpanel/quickinstall/cache/wordpress.info' is non-existent or empty at /usr/local/lib/perl5/site_perl/5.8.8/x86_64-linux/JSON/Syck.pm line 46, <$FH> line 1.
'/home1/himamsu/.cpanel/quickinstall/cache/wordpress.info' is non-existent or empty at /usr/local/lib/perl5/site_perl/5.8.8/x86_64-linux/JSON/Syck.pm line 46.
'/home1/himamsu/.cpanel/quickinstall/cache/wordpress.info' is non-existent or empty at /usr/local/lib/perl5/site_perl/5.8.8/x86_64-linux/JSON/Syck.pm line 46.
'/home1/himamsu/.cpanel/quickinstall/cache/wordpress.info' is non-existent or empty at /usr/local/lib/perl5/site_perl/5.8.8/x86_64-linux/JSON/Syck.pm line 46, <$FH> line 1.
'/home1/himamsu/.cpanel/quickinstall/cache/wordpress.info' is non-existent or empty at /usr/local/lib/perl5/site_perl/5.8.8/x86_64-linux/JSON/Syck.pm line 46.
'/home1/himamsu/.cpanel/quickinstall/cache/wordpress.info' is non-existent or empty at /usr/local/lib/perl5/site_perl/5.8.8/x86_64-linux/JSON/Syck.pm line 46, <$FH> line 1.
'/home1/himamsu/.cpanel/quickinstall/cache/wordpress.info' is non-existent or empty at /usr/local/lib/perl5/site_perl/5.8.8/x86_64-linux/JSON/Syck.pm line 46.
'/home1/himamsu/.cpanel/quickinstall/cache/wordpress.info' is non-existent or empty at /usr/local/lib/perl5/site_perl/5.8.8/x86_64-linux/JSON/Syck.pm line 46, <$FH> line 1.
'/home1/himamsu/.cpanel/quickinstall/cache/wordpress.info' is non-existent or empty at /usr/local/lib/perl5/site_perl/5.8.8/x86_64-linux/JSON/Syck.pm line 46.
'/home1/himamsu/.cpanel/quickinstall/cache/wordpress.info' is non-existent or empty at /usr/local/lib/perl5/site_perl/5.8.8/x86_64-linux/JSON/Syck.pm line 46, <$FH> line 1.
'/home1/himamsu/.cpanel/quickinstall/cache/wordpress.info' is non-existent or empty at /usr/local/lib/perl5/site_perl/5.8.8/x86_64-linux/JSON/Syck.pm line 46.
'/home1/himamsu/.cpanel/quickinstall/cache/wordpress.info' is non-existent or empty at /usr/local/lib/perl5/site_perl/5.8.8/x86_64-linux/JSON/Syck.pm line 46, <$FH> line 1.
Can't open socket: Connection timed out at /usr/local/cpanel/Cpanel/QuickInstall/HTTP.pm line 28.
'/home1/himamsu/.cpanel/quickinstall/cache/wordpress.info' is non-existent or empty at /usr/local/lib/perl5/site_perl/5.8.8/x86_64-linux/JSON/Syck.pm line 46.
'/home1/himamsu/.cpanel/quickinstall/cache/wordpress.info' is non-existent or empty at /usr/local/lib/perl5/site_perl/5.8.8/x86_64-linux/JSON/Syck.pm line 46, <$FH> line 1.
'/home1/himamsu/.cpanel/quickinstall/cache/wordpress.info' is non-existent or empty at /usr/local/lib/perl5/site_perl/5.8.8/x86_64-linux/JSON/Syck.pm line 46.
'/home1/himamsu/.cpanel/quickinstall/cache/wordpress.info' is non-existent or empty at /usr/local/lib/perl5/site_perl/5.8.8/x86_64-linux/JSON/Syck.pm line 46, <$FH> line 1.
'/home1/himamsu/.cpanel/quickinstall/cache/wordpress.info' is non-existent or empty at /usr/local/lib/perl5/site_perl/5.8.8/x86_64-linux/JSON/Syck.pm line 46.
'/home1/himamsu/.cpanel/quickinstall/cache/wordpress.info' is non-existent or empty at /usr/local/lib/perl5/site_perl/5.8.8/x86_64-linux/JSON/Syck.pm line 46, <$FH> line 1.
Can't open socket: Connection timed out at /usr/local/cpanel/Cpanel/QuickInstall/HTTP.pm line 28.
Can't open socket: Connection timed out at /usr/local/cpanel/Cpanel/QuickInstall/HTTP.pm line 28.
Can't open socket: Connection timed out at /usr/local/cpanel/Cpanel/QuickInstall/HTTP.pm line 28.
Can't open socket: Connection timed out at /usr/local/cpanel/Cpanel/QuickInstall/HTTP.pm line 28.
Can't open socket: Connection timed out at /usr/local/cpanel/Cpanel/QuickInstall/HTTP.pm line 28.
Can't open socket: Connection timed out at /usr/local/cpanel/Cpanel/QuickInstall/HTTP.pm line 28.
'/home1/himamsu/.cpanel/quickinstall/cache/wordpress.info' is non-existent or empty at /usr/local/lib/perl5/site_perl/5.8.8/x86_64-linux/JSON/Syck.pm line 46.
'/home1/himamsu/.cpanel/quickinstall/cache/wordpress.info' is non-existent or empty at /usr/local/lib/perl5/site_perl/5.8.8/x86_64-linux/JSON/Syck.pm line 46, <$FH> line 1.
Use of uninitialized value in pattern match (m//) at /usr/local/cpanel/Cpanel/QuickInstall/HTTP.pm line 44.
Use of uninitialized value in numeric eq (==) at /usr/local/cpanel/Cpanel/QuickInstall/HTTP.pm line 45.
'/home1/himamsu/.cpanel/quickinstall/cache/wordpress.info' is non-existent or empty at /usr/local/lib/perl5/site_perl/5.8.8/x86_64-linux/JSON/Syck.pm line 46.
'/home1/himamsu/.cpanel/quickinstall/cache/wordpress.info' is non-existent or empty at /usr/local/lib/perl5/site_perl/5.8.8/x86_64-linux/JSON/Syck.pm line 46, <$FH> line 1.
Can't open socket: Invalid argument at /usr/local/cpanel/Cpanel/QuickInstall/HTTP.pm line 28.
